{
  name: 'SequelizeDatabaseError',
  parent: Error: You have an error in your SQL syntax; check the manual that corresponds to your MySQL server version for the right syntax to use near ''5'' at line 1
      at Packet.asError (C:\Users\Agustin\OneDrive\Escritorio\Cursos\CODERHOUSE\Backend\curso-backend\Clase20\node_modules\mysql2\lib\packets\packet.js:728:17)
      at Query.execute (C:\Users\Agustin\OneDrive\Escritorio\Cursos\CODERHOUSE\Backend\curso-backend\Clase20\node_modules\mysql2\lib\commands\command.js:29:26)
      at Connection.handlePacket (C:\Users\Agustin\OneDrive\Escritorio\Cursos\CODERHOUSE\Backend\curso-backend\Clase20\node_modules\mysql2\lib\connection.js:478:34)
      at PacketParser.onPacket (C:\Users\Agustin\OneDrive\Escritorio\Cursos\CODERHOUSE\Backend\curso-backend\Clase20\node_modules\mysql2\lib\connection.js:97:12)
      at PacketParser.executeStart (C:\Users\Agustin\OneDrive\Escritorio\Cursos\CODERHOUSE\Backend\curso-backend\Clase20\node_modules\mysql2\lib\packet_parser.js:75:16)
      at Socket.<anonymous> (C:\Users\Agustin\OneDrive\Escritorio\Cursos\CODERHOUSE\Backend\curso-backend\Clase20\node_modules\mysql2\lib\connection.js:104:25)
      at Socket.emit (node:events:514:28)
      at addChunk (node:internal/streams/readable:545:12)
      at readableAddChunkPushByteMode (node:internal/streams/readable:495:3)
      at Readable.push (node:internal/streams/readable:375:5) {
    code: 'ER_PARSE_ERROR',
    errno: 1064,
    sqlState: '42000',
    sqlMessage: "You have an error in your SQL syntax; check the manual that corresponds to your MySQL server version for the right syntax to use near ''5'' at line 1",
    sql: "SELECT `id`, `title`, `description`, `price`, `discount`, `trailer_video`, `release_date`, `url_front_page`, `front_page_public_id`, `popularity`, `CPU`, `RAM`, `memory`, `GPU`, `createdAt`, `updatedAt`, `developerId` FROM `products` AS `product` ORDER BY `product`.`discount` DESC LIMIT 0, '5';",
    parameters: undefined
  },
  original: Error: You have an error in your SQL syntax; check the manual that corresponds to your MySQL server version for the right syntax to use near ''5'' at line 1
      at Packet.asError (C:\Users\Agustin\OneDrive\Escritorio\Cursos\CODERHOUSE\Backend\curso-backend\Clase20\node_modules\mysql2\lib\packets\packet.js:728:17)
      at Query.execute (C:\Users\Agustin\OneDrive\Escritorio\Cursos\CODERHOUSE\Backend\curso-backend\Clase20\node_modules\mysql2\lib\commands\command.js:29:26)
      at Connection.handlePacket (C:\Users\Agustin\OneDrive\Escritorio\Cursos\CODERHOUSE\Backend\curso-backend\Clase20\node_modules\mysql2\lib\connection.js:478:34)
      at PacketParser.onPacket (C:\Users\Agustin\OneDrive\Escritorio\Cursos\CODERHOUSE\Backend\curso-backend\Clase20\node_modules\mysql2\lib\connection.js:97:12)
      at PacketParser.executeStart (C:\Users\Agustin\OneDrive\Escritorio\Cursos\CODERHOUSE\Backend\curso-backend\Clase20\node_modules\mysql2\lib\packet_parser.js:75:16)
      at Socket.<anonymous> (C:\Users\Agustin\OneDrive\Escritorio\Cursos\CODERHOUSE\Backend\curso-backend\Clase20\node_modules\mysql2\lib\connection.js:104:25)
      at Socket.emit (node:events:514:28)
      at addChunk (node:internal/streams/readable:545:12)
      at readableAddChunkPushByteMode (node:internal/streams/readable:495:3)
      at Readable.push (node:internal/streams/readable:375:5) {
    code: 'ER_PARSE_ERROR',
    errno: 1064,
    sqlState: '42000',
    sqlMessage: "You have an error in your SQL syntax; check the manual that corresponds to your MySQL server version for the right syntax to use near ''5'' at line 1",
    sql: "SELECT `id`, `title`, `description`, `price`, `discount`, `trailer_video`, `release_date`, `url_front_page`, `front_page_public_id`, `popularity`, `CPU`, `RAM`, `memory`, `GPU`, `createdAt`, `updatedAt`, `developerId` FROM `products` AS `product` ORDER BY `product`.`discount` DESC LIMIT 0, '5';",
    parameters: undefined
  },
  sql: "SELECT `id`, `title`, `description`, `price`, `discount`, `trailer_video`, `release_date`, `url_front_page`, `front_page_public_id`, `popularity`, `CPU`, `RAM`, `memory`, `GPU`, `createdAt`, `updatedAt`, `developerId` FROM `products` AS `product` ORDER BY `product`.`discount` DESC LIMIT 0, '5';",
  parameters: {},
  level: 'error',
  timestamp: '2024-01-13T22:23:50.929Z'
}
{
  name: 'SequelizeDatabaseError',
  parent: Error: You have an error in your SQL syntax; check the manual that corresponds to your MySQL server version for the right syntax to use near ''5'' at line 1
      at Packet.asError (C:\Users\Agustin\OneDrive\Escritorio\Cursos\CODERHOUSE\Backend\curso-backend\Clase20\node_modules\mysql2\lib\packets\packet.js:728:17)
      at Query.execute (C:\Users\Agustin\OneDrive\Escritorio\Cursos\CODERHOUSE\Backend\curso-backend\Clase20\node_modules\mysql2\lib\commands\command.js:29:26)
      at Connection.handlePacket (C:\Users\Agustin\OneDrive\Escritorio\Cursos\CODERHOUSE\Backend\curso-backend\Clase20\node_modules\mysql2\lib\connection.js:478:34)
      at PacketParser.onPacket (C:\Users\Agustin\OneDrive\Escritorio\Cursos\CODERHOUSE\Backend\curso-backend\Clase20\node_modules\mysql2\lib\connection.js:97:12)
      at PacketParser.executeStart (C:\Users\Agustin\OneDrive\Escritorio\Cursos\CODERHOUSE\Backend\curso-backend\Clase20\node_modules\mysql2\lib\packet_parser.js:75:16)
      at Socket.<anonymous> (C:\Users\Agustin\OneDrive\Escritorio\Cursos\CODERHOUSE\Backend\curso-backend\Clase20\node_modules\mysql2\lib\connection.js:104:25)
      at Socket.emit (node:events:514:28)
      at addChunk (node:internal/streams/readable:545:12)
      at readableAddChunkPushByteMode (node:internal/streams/readable:495:3)
      at Readable.push (node:internal/streams/readable:375:5) {
    code: 'ER_PARSE_ERROR',
    errno: 1064,
    sqlState: '42000',
    sqlMessage: "You have an error in your SQL syntax; check the manual that corresponds to your MySQL server version for the right syntax to use near ''5'' at line 1",
    sql: "SELECT `id`, `title`, `description`, `price`, `discount`, `trailer_video`, `release_date`, `url_front_page`, `front_page_public_id`, `popularity`, `CPU`, `RAM`, `memory`, `GPU`, `createdAt`, `updatedAt`, `developerId` FROM `products` AS `product` WHERE (`product`.`createdAt` <= '2023-12-09 03:00:00' AND `product`.`createdAt` >= '2023-12-02 03:00:00') ORDER BY `product`.`createdAt` DESC LIMIT 0, '5';",
    parameters: undefined
  },
  original: Error: You have an error in your SQL syntax; check the manual that corresponds to your MySQL server version for the right syntax to use near ''5'' at line 1
      at Packet.asError (C:\Users\Agustin\OneDrive\Escritorio\Cursos\CODERHOUSE\Backend\curso-backend\Clase20\node_modules\mysql2\lib\packets\packet.js:728:17)
      at Query.execute (C:\Users\Agustin\OneDrive\Escritorio\Cursos\CODERHOUSE\Backend\curso-backend\Clase20\node_modules\mysql2\lib\commands\command.js:29:26)
      at Connection.handlePacket (C:\Users\Agustin\OneDrive\Escritorio\Cursos\CODERHOUSE\Backend\curso-backend\Clase20\node_modules\mysql2\lib\connection.js:478:34)
      at PacketParser.onPacket (C:\Users\Agustin\OneDrive\Escritorio\Cursos\CODERHOUSE\Backend\curso-backend\Clase20\node_modules\mysql2\lib\connection.js:97:12)
      at PacketParser.executeStart (C:\Users\Agustin\OneDrive\Escritorio\Cursos\CODERHOUSE\Backend\curso-backend\Clase20\node_modules\mysql2\lib\packet_parser.js:75:16)
      at Socket.<anonymous> (C:\Users\Agustin\OneDrive\Escritorio\Cursos\CODERHOUSE\Backend\curso-backend\Clase20\node_modules\mysql2\lib\connection.js:104:25)
      at Socket.emit (node:events:514:28)
      at addChunk (node:internal/streams/readable:545:12)
      at readableAddChunkPushByteMode (node:internal/streams/readable:495:3)
      at Readable.push (node:internal/streams/readable:375:5) {
    code: 'ER_PARSE_ERROR',
    errno: 1064,
    sqlState: '42000',
    sqlMessage: "You have an error in your SQL syntax; check the manual that corresponds to your MySQL server version for the right syntax to use near ''5'' at line 1",
    sql: "SELECT `id`, `title`, `description`, `price`, `discount`, `trailer_video`, `release_date`, `url_front_page`, `front_page_public_id`, `popularity`, `CPU`, `RAM`, `memory`, `GPU`, `createdAt`, `updatedAt`, `developerId` FROM `products` AS `product` WHERE (`product`.`createdAt` <= '2023-12-09 03:00:00' AND `product`.`createdAt` >= '2023-12-02 03:00:00') ORDER BY `product`.`createdAt` DESC LIMIT 0, '5';",
    parameters: undefined
  },
  sql: "SELECT `id`, `title`, `description`, `price`, `discount`, `trailer_video`, `release_date`, `url_front_page`, `front_page_public_id`, `popularity`, `CPU`, `RAM`, `memory`, `GPU`, `createdAt`, `updatedAt`, `developerId` FROM `products` AS `product` WHERE (`product`.`createdAt` <= '2023-12-09 03:00:00' AND `product`.`createdAt` >= '2023-12-02 03:00:00') ORDER BY `product`.`createdAt` DESC LIMIT 0, '5';",
  parameters: {},
  level: 'error',
  timestamp: '2024-01-13T22:23:50.935Z'
}
{
  name: 'SequelizeDatabaseError',
  parent: Error: You have an error in your SQL syntax; check the manual that corresponds to your MySQL server version for the right syntax to use near ''5'' at line 1
      at Packet.asError (C:\Users\Agustin\OneDrive\Escritorio\Cursos\CODERHOUSE\Backend\curso-backend\Clase20\node_modules\mysql2\lib\packets\packet.js:728:17)
      at Query.execute (C:\Users\Agustin\OneDrive\Escritorio\Cursos\CODERHOUSE\Backend\curso-backend\Clase20\node_modules\mysql2\lib\commands\command.js:29:26)
      at Connection.handlePacket (C:\Users\Agustin\OneDrive\Escritorio\Cursos\CODERHOUSE\Backend\curso-backend\Clase20\node_modules\mysql2\lib\connection.js:478:34)
      at PacketParser.onPacket (C:\Users\Agustin\OneDrive\Escritorio\Cursos\CODERHOUSE\Backend\curso-backend\Clase20\node_modules\mysql2\lib\connection.js:97:12)
      at PacketParser.executeStart (C:\Users\Agustin\OneDrive\Escritorio\Cursos\CODERHOUSE\Backend\curso-backend\Clase20\node_modules\mysql2\lib\packet_parser.js:75:16)
      at Socket.<anonymous> (C:\Users\Agustin\OneDrive\Escritorio\Cursos\CODERHOUSE\Backend\curso-backend\Clase20\node_modules\mysql2\lib\connection.js:104:25)
      at Socket.emit (node:events:514:28)
      at addChunk (node:internal/streams/readable:545:12)
      at readableAddChunkPushByteMode (node:internal/streams/readable:495:3)
      at Readable.push (node:internal/streams/readable:375:5) {
    code: 'ER_PARSE_ERROR',
    errno: 1064,
    sqlState: '42000',
    sqlMessage: "You have an error in your SQL syntax; check the manual that corresponds to your MySQL server version for the right syntax to use near ''5'' at line 1",
    sql: "SELECT `id`, `title`, `description`, `price`, `discount`, `trailer_video`, `release_date`, `url_front_page`, `front_page_public_id`, `popularity`, `CPU`, `RAM`, `memory`, `GPU`, `createdAt`, `updatedAt`, `developerId` FROM `products` AS `product` WHERE (`product`.`updatedAt` <= '2023-12-09 03:00:00' AND `product`.`updatedAt` >= '2023-12-02 03:00:00') ORDER BY `product`.`popularity` DESC LIMIT 0, '5';",
    parameters: undefined
  },
  original: Error: You have an error in your SQL syntax; check the manual that corresponds to your MySQL server version for the right syntax to use near ''5'' at line 1
      at Packet.asError (C:\Users\Agustin\OneDrive\Escritorio\Cursos\CODERHOUSE\Backend\curso-backend\Clase20\node_modules\mysql2\lib\packets\packet.js:728:17)
      at Query.execute (C:\Users\Agustin\OneDrive\Escritorio\Cursos\CODERHOUSE\Backend\curso-backend\Clase20\node_modules\mysql2\lib\commands\command.js:29:26)
      at Connection.handlePacket (C:\Users\Agustin\OneDrive\Escritorio\Cursos\CODERHOUSE\Backend\curso-backend\Clase20\node_modules\mysql2\lib\connection.js:478:34)
      at PacketParser.onPacket (C:\Users\Agustin\OneDrive\Escritorio\Cursos\CODERHOUSE\Backend\curso-backend\Clase20\node_modules\mysql2\lib\connection.js:97:12)
      at PacketParser.executeStart (C:\Users\Agustin\OneDrive\Escritorio\Cursos\CODERHOUSE\Backend\curso-backend\Clase20\node_modules\mysql2\lib\packet_parser.js:75:16)
      at Socket.<anonymous> (C:\Users\Agustin\OneDrive\Escritorio\Cursos\CODERHOUSE\Backend\curso-backend\Clase20\node_modules\mysql2\lib\connection.js:104:25)
      at Socket.emit (node:events:514:28)
      at addChunk (node:internal/streams/readable:545:12)
      at readableAddChunkPushByteMode (node:internal/streams/readable:495:3)
      at Readable.push (node:internal/streams/readable:375:5) {
    code: 'ER_PARSE_ERROR',
    errno: 1064,
    sqlState: '42000',
    sqlMessage: "You have an error in your SQL syntax; check the manual that corresponds to your MySQL server version for the right syntax to use near ''5'' at line 1",
    sql: "SELECT `id`, `title`, `description`, `price`, `discount`, `trailer_video`, `release_date`, `url_front_page`, `front_page_public_id`, `popularity`, `CPU`, `RAM`, `memory`, `GPU`, `createdAt`, `updatedAt`, `developerId` FROM `products` AS `product` WHERE (`product`.`updatedAt` <= '2023-12-09 03:00:00' AND `product`.`updatedAt` >= '2023-12-02 03:00:00') ORDER BY `product`.`popularity` DESC LIMIT 0, '5';",
    parameters: undefined
  },
  sql: "SELECT `id`, `title`, `description`, `price`, `discount`, `trailer_video`, `release_date`, `url_front_page`, `front_page_public_id`, `popularity`, `CPU`, `RAM`, `memory`, `GPU`, `createdAt`, `updatedAt`, `developerId` FROM `products` AS `product` WHERE (`product`.`updatedAt` <= '2023-12-09 03:00:00' AND `product`.`updatedAt` >= '2023-12-02 03:00:00') ORDER BY `product`.`popularity` DESC LIMIT 0, '5';",
  parameters: {},
  level: 'error',
  timestamp: '2024-01-13T22:23:50.938Z'
}
{
  name: 'SequelizeDatabaseError',
  parent: Error: You have an error in your SQL syntax; check the manual that corresponds to your MySQL server version for the right syntax to use near ''5'' at line 1
      at Packet.asError (C:\Users\Agustin\OneDrive\Escritorio\Cursos\CODERHOUSE\Backend\curso-backend\Clase20\node_modules\mysql2\lib\packets\packet.js:728:17)
      at Query.execute (C:\Users\Agustin\OneDrive\Escritorio\Cursos\CODERHOUSE\Backend\curso-backend\Clase20\node_modules\mysql2\lib\commands\command.js:29:26)
      at Connection.handlePacket (C:\Users\Agustin\OneDrive\Escritorio\Cursos\CODERHOUSE\Backend\curso-backend\Clase20\node_modules\mysql2\lib\connection.js:478:34)
      at PacketParser.onPacket (C:\Users\Agustin\OneDrive\Escritorio\Cursos\CODERHOUSE\Backend\curso-backend\Clase20\node_modules\mysql2\lib\connection.js:97:12)
      at PacketParser.executeStart (C:\Users\Agustin\OneDrive\Escritorio\Cursos\CODERHOUSE\Backend\curso-backend\Clase20\node_modules\mysql2\lib\packet_parser.js:75:16)
      at Socket.<anonymous> (C:\Users\Agustin\OneDrive\Escritorio\Cursos\CODERHOUSE\Backend\curso-backend\Clase20\node_modules\mysql2\lib\connection.js:104:25)
      at Socket.emit (node:events:514:28)
      at addChunk (node:internal/streams/readable:545:12)
      at readableAddChunkPushByteMode (node:internal/streams/readable:495:3)
      at Readable.push (node:internal/streams/readable:375:5) {
    code: 'ER_PARSE_ERROR',
    errno: 1064,
    sqlState: '42000',
    sqlMessage: "You have an error in your SQL syntax; check the manual that corresponds to your MySQL server version for the right syntax to use near ''5'' at line 1",
    sql: "SELECT `id`, `title`, `description`, `price`, `discount`, `trailer_video`, `release_date`, `url_front_page`, `front_page_public_id`, `popularity`, `CPU`, `RAM`, `memory`, `GPU`, `createdAt`, `updatedAt`, `developerId` FROM `products` AS `product` WHERE (`product`.`createdAt` <= '2023-12-09 03:00:00' AND `product`.`createdAt` >= '2023-12-02 03:00:00') ORDER BY `product`.`createdAt` DESC LIMIT 0, '5';",
    parameters: undefined
  },
  original: Error: You have an error in your SQL syntax; check the manual that corresponds to your MySQL server version for the right syntax to use near ''5'' at line 1
      at Packet.asError (C:\Users\Agustin\OneDrive\Escritorio\Cursos\CODERHOUSE\Backend\curso-backend\Clase20\node_modules\mysql2\lib\packets\packet.js:728:17)
      at Query.execute (C:\Users\Agustin\OneDrive\Escritorio\Cursos\CODERHOUSE\Backend\curso-backend\Clase20\node_modules\mysql2\lib\commands\command.js:29:26)
      at Connection.handlePacket (C:\Users\Agustin\OneDrive\Escritorio\Cursos\CODERHOUSE\Backend\curso-backend\Clase20\node_modules\mysql2\lib\connection.js:478:34)
      at PacketParser.onPacket (C:\Users\Agustin\OneDrive\Escritorio\Cursos\CODERHOUSE\Backend\curso-backend\Clase20\node_modules\mysql2\lib\connection.js:97:12)
      at PacketParser.executeStart (C:\Users\Agustin\OneDrive\Escritorio\Cursos\CODERHOUSE\Backend\curso-backend\Clase20\node_modules\mysql2\lib\packet_parser.js:75:16)
      at Socket.<anonymous> (C:\Users\Agustin\OneDrive\Escritorio\Cursos\CODERHOUSE\Backend\curso-backend\Clase20\node_modules\mysql2\lib\connection.js:104:25)
      at Socket.emit (node:events:514:28)
      at addChunk (node:internal/streams/readable:545:12)
      at readableAddChunkPushByteMode (node:internal/streams/readable:495:3)
      at Readable.push (node:internal/streams/readable:375:5) {
    code: 'ER_PARSE_ERROR',
    errno: 1064,
    sqlState: '42000',
    sqlMessage: "You have an error in your SQL syntax; check the manual that corresponds to your MySQL server version for the right syntax to use near ''5'' at line 1",
    sql: "SELECT `id`, `title`, `description`, `price`, `discount`, `trailer_video`, `release_date`, `url_front_page`, `front_page_public_id`, `popularity`, `CPU`, `RAM`, `memory`, `GPU`, `createdAt`, `updatedAt`, `developerId` FROM `products` AS `product` WHERE (`product`.`createdAt` <= '2023-12-09 03:00:00' AND `product`.`createdAt` >= '2023-12-02 03:00:00') ORDER BY `product`.`createdAt` DESC LIMIT 0, '5';",
    parameters: undefined
  },
  sql: "SELECT `id`, `title`, `description`, `price`, `discount`, `trailer_video`, `release_date`, `url_front_page`, `front_page_public_id`, `popularity`, `CPU`, `RAM`, `memory`, `GPU`, `createdAt`, `updatedAt`, `developerId` FROM `products` AS `product` WHERE (`product`.`createdAt` <= '2023-12-09 03:00:00' AND `product`.`createdAt` >= '2023-12-02 03:00:00') ORDER BY `product`.`createdAt` DESC LIMIT 0, '5';",
  parameters: {},
  level: 'error',
  timestamp: '2024-01-13T22:25:54.861Z'
}
{
  name: 'SequelizeDatabaseError',
  parent: Error: Table 'clase20.products' doesn't exist
      at Packet.asError (C:\Users\Agustin\OneDrive\Escritorio\Cursos\CODERHOUSE\Backend\curso-backend\Clase20\node_modules\mysql2\lib\packets\packet.js:728:17)
      at Query.execute (C:\Users\Agustin\OneDrive\Escritorio\Cursos\CODERHOUSE\Backend\curso-backend\Clase20\node_modules\mysql2\lib\commands\command.js:29:26)
      at Connection.handlePacket (C:\Users\Agustin\OneDrive\Escritorio\Cursos\CODERHOUSE\Backend\curso-backend\Clase20\node_modules\mysql2\lib\connection.js:478:34)
      at PacketParser.onPacket (C:\Users\Agustin\OneDrive\Escritorio\Cursos\CODERHOUSE\Backend\curso-backend\Clase20\node_modules\mysql2\lib\connection.js:97:12)
      at PacketParser.executeStart (C:\Users\Agustin\OneDrive\Escritorio\Cursos\CODERHOUSE\Backend\curso-backend\Clase20\node_modules\mysql2\lib\packet_parser.js:75:16)
      at Socket.<anonymous> (C:\Users\Agustin\OneDrive\Escritorio\Cursos\CODERHOUSE\Backend\curso-backend\Clase20\node_modules\mysql2\lib\connection.js:104:25)
      at Socket.emit (node:events:514:28)
      at addChunk (node:internal/streams/readable:545:12)
      at readableAddChunkPushByteMode (node:internal/streams/readable:495:3)
      at Readable.push (node:internal/streams/readable:375:5) {
    code: 'ER_NO_SUCH_TABLE',
    errno: 1146,
    sqlState: '42S02',
    sqlMessage: "Table 'clase20.products' doesn't exist",
    sql: "SELECT count(*) AS `count` FROM `products` AS `product` WHERE (`product`.`updatedAt` <= '2023-12-09 03:00:00' AND `product`.`updatedAt` >= '2023-12-02 03:00:00');",
    parameters: undefined
  },
  original: Error: Table 'clase20.products' doesn't exist
      at Packet.asError (C:\Users\Agustin\OneDrive\Escritorio\Cursos\CODERHOUSE\Backend\curso-backend\Clase20\node_modules\mysql2\lib\packets\packet.js:728:17)
      at Query.execute (C:\Users\Agustin\OneDrive\Escritorio\Cursos\CODERHOUSE\Backend\curso-backend\Clase20\node_modules\mysql2\lib\commands\command.js:29:26)
      at Connection.handlePacket (C:\Users\Agustin\OneDrive\Escritorio\Cursos\CODERHOUSE\Backend\curso-backend\Clase20\node_modules\mysql2\lib\connection.js:478:34)
      at PacketParser.onPacket (C:\Users\Agustin\OneDrive\Escritorio\Cursos\CODERHOUSE\Backend\curso-backend\Clase20\node_modules\mysql2\lib\connection.js:97:12)
      at PacketParser.executeStart (C:\Users\Agustin\OneDrive\Escritorio\Cursos\CODERHOUSE\Backend\curso-backend\Clase20\node_modules\mysql2\lib\packet_parser.js:75:16)
      at Socket.<anonymous> (C:\Users\Agustin\OneDrive\Escritorio\Cursos\CODERHOUSE\Backend\curso-backend\Clase20\node_modules\mysql2\lib\connection.js:104:25)
      at Socket.emit (node:events:514:28)
      at addChunk (node:internal/streams/readable:545:12)
      at readableAddChunkPushByteMode (node:internal/streams/readable:495:3)
      at Readable.push (node:internal/streams/readable:375:5) {
    code: 'ER_NO_SUCH_TABLE',
    errno: 1146,
    sqlState: '42S02',
    sqlMessage: "Table 'clase20.products' doesn't exist",
    sql: "SELECT count(*) AS `count` FROM `products` AS `product` WHERE (`product`.`updatedAt` <= '2023-12-09 03:00:00' AND `product`.`updatedAt` >= '2023-12-02 03:00:00');",
    parameters: undefined
  },
  sql: "SELECT count(*) AS `count` FROM `products` AS `product` WHERE (`product`.`updatedAt` <= '2023-12-09 03:00:00' AND `product`.`updatedAt` >= '2023-12-02 03:00:00');",
  parameters: {},
  level: 'error',
  timestamp: '2024-01-13T22:25:54.866Z'
}
{
  name: 'SequelizeDatabaseError',
  parent: Error: You have an error in your SQL syntax; check the manual that corresponds to your MySQL server version for the right syntax to use near ''5'' at line 1
      at Packet.asError (C:\Users\Agustin\OneDrive\Escritorio\Cursos\CODERHOUSE\Backend\curso-backend\Clase20\node_modules\mysql2\lib\packets\packet.js:728:17)
      at Query.execute (C:\Users\Agustin\OneDrive\Escritorio\Cursos\CODERHOUSE\Backend\curso-backend\Clase20\node_modules\mysql2\lib\commands\command.js:29:26)
      at Connection.handlePacket (C:\Users\Agustin\OneDrive\Escritorio\Cursos\CODERHOUSE\Backend\curso-backend\Clase20\node_modules\mysql2\lib\connection.js:478:34)
      at PacketParser.onPacket (C:\Users\Agustin\OneDrive\Escritorio\Cursos\CODERHOUSE\Backend\curso-backend\Clase20\node_modules\mysql2\lib\connection.js:97:12)
      at PacketParser.executeStart (C:\Users\Agustin\OneDrive\Escritorio\Cursos\CODERHOUSE\Backend\curso-backend\Clase20\node_modules\mysql2\lib\packet_parser.js:75:16)
      at Socket.<anonymous> (C:\Users\Agustin\OneDrive\Escritorio\Cursos\CODERHOUSE\Backend\curso-backend\Clase20\node_modules\mysql2\lib\connection.js:104:25)
      at Socket.emit (node:events:514:28)
      at addChunk (node:internal/streams/readable:545:12)
      at readableAddChunkPushByteMode (node:internal/streams/readable:495:3)
      at Readable.push (node:internal/streams/readable:375:5) {
    code: 'ER_PARSE_ERROR',
    errno: 1064,
    sqlState: '42000',
    sqlMessage: "You have an error in your SQL syntax; check the manual that corresponds to your MySQL server version for the right syntax to use near ''5'' at line 1",
    sql: "SELECT `id`, `title`, `description`, `price`, `discount`, `trailer_video`, `release_date`, `url_front_page`, `front_page_public_id`, `popularity`, `CPU`, `RAM`, `memory`, `GPU`, `createdAt`, `updatedAt`, `developerId` FROM `products` AS `product` ORDER BY `product`.`discount` DESC LIMIT 0, '5';",
    parameters: undefined
  },
  original: Error: You have an error in your SQL syntax; check the manual that corresponds to your MySQL server version for the right syntax to use near ''5'' at line 1
      at Packet.asError (C:\Users\Agustin\OneDrive\Escritorio\Cursos\CODERHOUSE\Backend\curso-backend\Clase20\node_modules\mysql2\lib\packets\packet.js:728:17)
      at Query.execute (C:\Users\Agustin\OneDrive\Escritorio\Cursos\CODERHOUSE\Backend\curso-backend\Clase20\node_modules\mysql2\lib\commands\command.js:29:26)
      at Connection.handlePacket (C:\Users\Agustin\OneDrive\Escritorio\Cursos\CODERHOUSE\Backend\curso-backend\Clase20\node_modules\mysql2\lib\connection.js:478:34)
      at PacketParser.onPacket (C:\Users\Agustin\OneDrive\Escritorio\Cursos\CODERHOUSE\Backend\curso-backend\Clase20\node_modules\mysql2\lib\connection.js:97:12)
      at PacketParser.executeStart (C:\Users\Agustin\OneDrive\Escritorio\Cursos\CODERHOUSE\Backend\curso-backend\Clase20\node_modules\mysql2\lib\packet_parser.js:75:16)
      at Socket.<anonymous> (C:\Users\Agustin\OneDrive\Escritorio\Cursos\CODERHOUSE\Backend\curso-backend\Clase20\node_modules\mysql2\lib\connection.js:104:25)
      at Socket.emit (node:events:514:28)
      at addChunk (node:internal/streams/readable:545:12)
      at readableAddChunkPushByteMode (node:internal/streams/readable:495:3)
      at Readable.push (node:internal/streams/readable:375:5) {
    code: 'ER_PARSE_ERROR',
    errno: 1064,
    sqlState: '42000',
    sqlMessage: "You have an error in your SQL syntax; check the manual that corresponds to your MySQL server version for the right syntax to use near ''5'' at line 1",
    sql: "SELECT `id`, `title`, `description`, `price`, `discount`, `trailer_video`, `release_date`, `url_front_page`, `front_page_public_id`, `popularity`, `CPU`, `RAM`, `memory`, `GPU`, `createdAt`, `updatedAt`, `developerId` FROM `products` AS `product` ORDER BY `product`.`discount` DESC LIMIT 0, '5';",
    parameters: undefined
  },
  sql: "SELECT `id`, `title`, `description`, `price`, `discount`, `trailer_video`, `release_date`, `url_front_page`, `front_page_public_id`, `popularity`, `CPU`, `RAM`, `memory`, `GPU`, `createdAt`, `updatedAt`, `developerId` FROM `products` AS `product` ORDER BY `product`.`discount` DESC LIMIT 0, '5';",
  parameters: {},
  level: 'error',
  timestamp: '2024-01-13T22:25:54.928Z'
}
{
  name: 'SequelizeDatabaseError',
  parent: Error: Table 'clase20.products' doesn't exist
      at Packet.asError (C:\Users\Agustin\OneDrive\Escritorio\Cursos\CODERHOUSE\Backend\curso-backend\Clase20\node_modules\mysql2\lib\packets\packet.js:728:17)
      at Query.execute (C:\Users\Agustin\OneDrive\Escritorio\Cursos\CODERHOUSE\Backend\curso-backend\Clase20\node_modules\mysql2\lib\commands\command.js:29:26)
      at Connection.handlePacket (C:\Users\Agustin\OneDrive\Escritorio\Cursos\CODERHOUSE\Backend\curso-backend\Clase20\node_modules\mysql2\lib\connection.js:478:34)
      at PacketParser.onPacket (C:\Users\Agustin\OneDrive\Escritorio\Cursos\CODERHOUSE\Backend\curso-backend\Clase20\node_modules\mysql2\lib\connection.js:97:12)
      at PacketParser.executeStart (C:\Users\Agustin\OneDrive\Escritorio\Cursos\CODERHOUSE\Backend\curso-backend\Clase20\node_modules\mysql2\lib\packet_parser.js:75:16)
      at Socket.<anonymous> (C:\Users\Agustin\OneDrive\Escritorio\Cursos\CODERHOUSE\Backend\curso-backend\Clase20\node_modules\mysql2\lib\connection.js:104:25)
      at Socket.emit (node:events:514:28)
      at addChunk (node:internal/streams/readable:545:12)
      at readableAddChunkPushByteMode (node:internal/streams/readable:495:3)
      at Readable.push (node:internal/streams/readable:375:5) {
    code: 'ER_NO_SUCH_TABLE',
    errno: 1146,
    sqlState: '42S02',
    sqlMessage: "Table 'clase20.products' doesn't exist",
    sql: "SELECT count(*) AS `count` FROM `products` AS `product` WHERE (`product`.`createdAt` <= '2023-12-09 03:00:00' AND `product`.`createdAt` >= '2023-12-02 03:00:00');",
    parameters: undefined
  },
  original: Error: Table 'clase20.products' doesn't exist
      at Packet.asError (C:\Users\Agustin\OneDrive\Escritorio\Cursos\CODERHOUSE\Backend\curso-backend\Clase20\node_modules\mysql2\lib\packets\packet.js:728:17)
      at Query.execute (C:\Users\Agustin\OneDrive\Escritorio\Cursos\CODERHOUSE\Backend\curso-backend\Clase20\node_modules\mysql2\lib\commands\command.js:29:26)
      at Connection.handlePacket (C:\Users\Agustin\OneDrive\Escritorio\Cursos\CODERHOUSE\Backend\curso-backend\Clase20\node_modules\mysql2\lib\connection.js:478:34)
      at PacketParser.onPacket (C:\Users\Agustin\OneDrive\Escritorio\Cursos\CODERHOUSE\Backend\curso-backend\Clase20\node_modules\mysql2\lib\connection.js:97:12)
      at PacketParser.executeStart (C:\Users\Agustin\OneDrive\Escritorio\Cursos\CODERHOUSE\Backend\curso-backend\Clase20\node_modules\mysql2\lib\packet_parser.js:75:16)
      at Socket.<anonymous> (C:\Users\Agustin\OneDrive\Escritorio\Cursos\CODERHOUSE\Backend\curso-backend\Clase20\node_modules\mysql2\lib\connection.js:104:25)
      at Socket.emit (node:events:514:28)
      at addChunk (node:internal/streams/readable:545:12)
      at readableAddChunkPushByteMode (node:internal/streams/readable:495:3)
      at Readable.push (node:internal/streams/readable:375:5) {
    code: 'ER_NO_SUCH_TABLE',
    errno: 1146,
    sqlState: '42S02',
    sqlMessage: "Table 'clase20.products' doesn't exist",
    sql: "SELECT count(*) AS `count` FROM `products` AS `product` WHERE (`product`.`createdAt` <= '2023-12-09 03:00:00' AND `product`.`createdAt` >= '2023-12-02 03:00:00');",
    parameters: undefined
  },
  sql: "SELECT count(*) AS `count` FROM `products` AS `product` WHERE (`product`.`createdAt` <= '2023-12-09 03:00:00' AND `product`.`createdAt` >= '2023-12-02 03:00:00');",
  parameters: {},
  level: 'error',
  timestamp: '2024-01-13T22:25:59.462Z'
}
{
  name: 'SequelizeDatabaseError',
  parent: Error: You have an error in your SQL syntax; check the manual that corresponds to your MySQL server version for the right syntax to use near ''5'' at line 1
      at Packet.asError (C:\Users\Agustin\OneDrive\Escritorio\Cursos\CODERHOUSE\Backend\curso-backend\Clase20\node_modules\mysql2\lib\packets\packet.js:728:17)
      at Query.execute (C:\Users\Agustin\OneDrive\Escritorio\Cursos\CODERHOUSE\Backend\curso-backend\Clase20\node_modules\mysql2\lib\commands\command.js:29:26)
      at Connection.handlePacket (C:\Users\Agustin\OneDrive\Escritorio\Cursos\CODERHOUSE\Backend\curso-backend\Clase20\node_modules\mysql2\lib\connection.js:478:34)
      at PacketParser.onPacket (C:\Users\Agustin\OneDrive\Escritorio\Cursos\CODERHOUSE\Backend\curso-backend\Clase20\node_modules\mysql2\lib\connection.js:97:12)
      at PacketParser.executeStart (C:\Users\Agustin\OneDrive\Escritorio\Cursos\CODERHOUSE\Backend\curso-backend\Clase20\node_modules\mysql2\lib\packet_parser.js:75:16)
      at Socket.<anonymous> (C:\Users\Agustin\OneDrive\Escritorio\Cursos\CODERHOUSE\Backend\curso-backend\Clase20\node_modules\mysql2\lib\connection.js:104:25)
      at Socket.emit (node:events:514:28)
      at addChunk (node:internal/streams/readable:545:12)
      at readableAddChunkPushByteMode (node:internal/streams/readable:495:3)
      at Readable.push (node:internal/streams/readable:375:5) {
    code: 'ER_PARSE_ERROR',
    errno: 1064,
    sqlState: '42000',
    sqlMessage: "You have an error in your SQL syntax; check the manual that corresponds to your MySQL server version for the right syntax to use near ''5'' at line 1",
    sql: "SELECT `id`, `title`, `description`, `price`, `discount`, `trailer_video`, `release_date`, `url_front_page`, `front_page_public_id`, `popularity`, `CPU`, `RAM`, `memory`, `GPU`, `createdAt`, `updatedAt`, `developerId` FROM `products` AS `product` ORDER BY `product`.`discount` DESC LIMIT 0, '5';",
    parameters: undefined
  },
  original: Error: You have an error in your SQL syntax; check the manual that corresponds to your MySQL server version for the right syntax to use near ''5'' at line 1
      at Packet.asError (C:\Users\Agustin\OneDrive\Escritorio\Cursos\CODERHOUSE\Backend\curso-backend\Clase20\node_modules\mysql2\lib\packets\packet.js:728:17)
      at Query.execute (C:\Users\Agustin\OneDrive\Escritorio\Cursos\CODERHOUSE\Backend\curso-backend\Clase20\node_modules\mysql2\lib\commands\command.js:29:26)
      at Connection.handlePacket (C:\Users\Agustin\OneDrive\Escritorio\Cursos\CODERHOUSE\Backend\curso-backend\Clase20\node_modules\mysql2\lib\connection.js:478:34)
      at PacketParser.onPacket (C:\Users\Agustin\OneDrive\Escritorio\Cursos\CODERHOUSE\Backend\curso-backend\Clase20\node_modules\mysql2\lib\connection.js:97:12)
      at PacketParser.executeStart (C:\Users\Agustin\OneDrive\Escritorio\Cursos\CODERHOUSE\Backend\curso-backend\Clase20\node_modules\mysql2\lib\packet_parser.js:75:16)
      at Socket.<anonymous> (C:\Users\Agustin\OneDrive\Escritorio\Cursos\CODERHOUSE\Backend\curso-backend\Clase20\node_modules\mysql2\lib\connection.js:104:25)
      at Socket.emit (node:events:514:28)
      at addChunk (node:internal/streams/readable:545:12)
      at readableAddChunkPushByteMode (node:internal/streams/readable:495:3)
      at Readable.push (node:internal/streams/readable:375:5) {
    code: 'ER_PARSE_ERROR',
    errno: 1064,
    sqlState: '42000',
    sqlMessage: "You have an error in your SQL syntax; check the manual that corresponds to your MySQL server version for the right syntax to use near ''5'' at line 1",
    sql: "SELECT `id`, `title`, `description`, `price`, `discount`, `trailer_video`, `release_date`, `url_front_page`, `front_page_public_id`, `popularity`, `CPU`, `RAM`, `memory`, `GPU`, `createdAt`, `updatedAt`, `developerId` FROM `products` AS `product` ORDER BY `product`.`discount` DESC LIMIT 0, '5';",
    parameters: undefined
  },
  sql: "SELECT `id`, `title`, `description`, `price`, `discount`, `trailer_video`, `release_date`, `url_front_page`, `front_page_public_id`, `popularity`, `CPU`, `RAM`, `memory`, `GPU`, `createdAt`, `updatedAt`, `developerId` FROM `products` AS `product` ORDER BY `product`.`discount` DESC LIMIT 0, '5';",
  parameters: {},
  level: 'error',
  timestamp: '2024-01-13T22:25:59.465Z'
}
{
  name: 'SequelizeDatabaseError',
  parent: Error: You have an error in your SQL syntax; check the manual that corresponds to your MySQL server version for the right syntax to use near ''5'' at line 1
      at Packet.asError (C:\Users\Agustin\OneDrive\Escritorio\Cursos\CODERHOUSE\Backend\curso-backend\Clase20\node_modules\mysql2\lib\packets\packet.js:728:17)
      at Query.execute (C:\Users\Agustin\OneDrive\Escritorio\Cursos\CODERHOUSE\Backend\curso-backend\Clase20\node_modules\mysql2\lib\commands\command.js:29:26)
      at Connection.handlePacket (C:\Users\Agustin\OneDrive\Escritorio\Cursos\CODERHOUSE\Backend\curso-backend\Clase20\node_modules\mysql2\lib\connection.js:478:34)
      at PacketParser.onPacket (C:\Users\Agustin\OneDrive\Escritorio\Cursos\CODERHOUSE\Backend\curso-backend\Clase20\node_modules\mysql2\lib\connection.js:97:12)
      at PacketParser.executeStart (C:\Users\Agustin\OneDrive\Escritorio\Cursos\CODERHOUSE\Backend\curso-backend\Clase20\node_modules\mysql2\lib\packet_parser.js:75:16)
      at Socket.<anonymous> (C:\Users\Agustin\OneDrive\Escritorio\Cursos\CODERHOUSE\Backend\curso-backend\Clase20\node_modules\mysql2\lib\connection.js:104:25)
      at Socket.emit (node:events:514:28)
      at addChunk (node:internal/streams/readable:545:12)
      at readableAddChunkPushByteMode (node:internal/streams/readable:495:3)
      at Readable.push (node:internal/streams/readable:375:5) {
    code: 'ER_PARSE_ERROR',
    errno: 1064,
    sqlState: '42000',
    sqlMessage: "You have an error in your SQL syntax; check the manual that corresponds to your MySQL server version for the right syntax to use near ''5'' at line 1",
    sql: "SELECT `id`, `title`, `description`, `price`, `discount`, `trailer_video`, `release_date`, `url_front_page`, `front_page_public_id`, `popularity`, `CPU`, `RAM`, `memory`, `GPU`, `createdAt`, `updatedAt`, `developerId` FROM `products` AS `product` WHERE (`product`.`updatedAt` <= '2023-12-09 03:00:00' AND `product`.`updatedAt` >= '2023-12-02 03:00:00') ORDER BY `product`.`popularity` DESC LIMIT 0, '5';",
    parameters: undefined
  },
  original: Error: You have an error in your SQL syntax; check the manual that corresponds to your MySQL server version for the right syntax to use near ''5'' at line 1
      at Packet.asError (C:\Users\Agustin\OneDrive\Escritorio\Cursos\CODERHOUSE\Backend\curso-backend\Clase20\node_modules\mysql2\lib\packets\packet.js:728:17)
      at Query.execute (C:\Users\Agustin\OneDrive\Escritorio\Cursos\CODERHOUSE\Backend\curso-backend\Clase20\node_modules\mysql2\lib\commands\command.js:29:26)
      at Connection.handlePacket (C:\Users\Agustin\OneDrive\Escritorio\Cursos\CODERHOUSE\Backend\curso-backend\Clase20\node_modules\mysql2\lib\connection.js:478:34)
      at PacketParser.onPacket (C:\Users\Agustin\OneDrive\Escritorio\Cursos\CODERHOUSE\Backend\curso-backend\Clase20\node_modules\mysql2\lib\connection.js:97:12)
      at PacketParser.executeStart (C:\Users\Agustin\OneDrive\Escritorio\Cursos\CODERHOUSE\Backend\curso-backend\Clase20\node_modules\mysql2\lib\packet_parser.js:75:16)
      at Socket.<anonymous> (C:\Users\Agustin\OneDrive\Escritorio\Cursos\CODERHOUSE\Backend\curso-backend\Clase20\node_modules\mysql2\lib\connection.js:104:25)
      at Socket.emit (node:events:514:28)
      at addChunk (node:internal/streams/readable:545:12)
      at readableAddChunkPushByteMode (node:internal/streams/readable:495:3)
      at Readable.push (node:internal/streams/readable:375:5) {
    code: 'ER_PARSE_ERROR',
    errno: 1064,
    sqlState: '42000',
    sqlMessage: "You have an error in your SQL syntax; check the manual that corresponds to your MySQL server version for the right syntax to use near ''5'' at line 1",
    sql: "SELECT `id`, `title`, `description`, `price`, `discount`, `trailer_video`, `release_date`, `url_front_page`, `front_page_public_id`, `popularity`, `CPU`, `RAM`, `memory`, `GPU`, `createdAt`, `updatedAt`, `developerId` FROM `products` AS `product` WHERE (`product`.`updatedAt` <= '2023-12-09 03:00:00' AND `product`.`updatedAt` >= '2023-12-02 03:00:00') ORDER BY `product`.`popularity` DESC LIMIT 0, '5';",
    parameters: undefined
  },
  sql: "SELECT `id`, `title`, `description`, `price`, `discount`, `trailer_video`, `release_date`, `url_front_page`, `front_page_public_id`, `popularity`, `CPU`, `RAM`, `memory`, `GPU`, `createdAt`, `updatedAt`, `developerId` FROM `products` AS `product` WHERE (`product`.`updatedAt` <= '2023-12-09 03:00:00' AND `product`.`updatedAt` >= '2023-12-02 03:00:00') ORDER BY `product`.`popularity` DESC LIMIT 0, '5';",
  parameters: {},
  level: 'error',
  timestamp: '2024-01-13T22:25:59.470Z'
}
{
  name: 'SequelizeDatabaseError',
  parent: Error: You have an error in your SQL syntax; check the manual that corresponds to your MySQL server version for the right syntax to use near ''5'' at line 1
      at Packet.asError (C:\Users\Agustin\OneDrive\Escritorio\Cursos\CODERHOUSE\Backend\curso-backend\Clase20\node_modules\mysql2\lib\packets\packet.js:728:17)
      at Query.execute (C:\Users\Agustin\OneDrive\Escritorio\Cursos\CODERHOUSE\Backend\curso-backend\Clase20\node_modules\mysql2\lib\commands\command.js:29:26)
      at Connection.handlePacket (C:\Users\Agustin\OneDrive\Escritorio\Cursos\CODERHOUSE\Backend\curso-backend\Clase20\node_modules\mysql2\lib\connection.js:478:34)
      at PacketParser.onPacket (C:\Users\Agustin\OneDrive\Escritorio\Cursos\CODERHOUSE\Backend\curso-backend\Clase20\node_modules\mysql2\lib\connection.js:97:12)
      at PacketParser.executeStart (C:\Users\Agustin\OneDrive\Escritorio\Cursos\CODERHOUSE\Backend\curso-backend\Clase20\node_modules\mysql2\lib\packet_parser.js:75:16)
      at Socket.<anonymous> (C:\Users\Agustin\OneDrive\Escritorio\Cursos\CODERHOUSE\Backend\curso-backend\Clase20\node_modules\mysql2\lib\connection.js:104:25)
      at Socket.emit (node:events:514:28)
      at addChunk (node:internal/streams/readable:545:12)
      at readableAddChunkPushByteMode (node:internal/streams/readable:495:3)
      at Readable.push (node:internal/streams/readable:375:5) {
    code: 'ER_PARSE_ERROR',
    errno: 1064,
    sqlState: '42000',
    sqlMessage: "You have an error in your SQL syntax; check the manual that corresponds to your MySQL server version for the right syntax to use near ''5'' at line 1",
    sql: "SELECT `id`, `title`, `description`, `price`, `discount`, `trailer_video`, `release_date`, `url_front_page`, `front_page_public_id`, `popularity`, `CPU`, `RAM`, `memory`, `GPU`, `createdAt`, `updatedAt`, `developerId` FROM `products` AS `product` WHERE (`product`.`createdAt` <= '2023-12-09 03:00:00' AND `product`.`createdAt` >= '2023-12-02 03:00:00') ORDER BY `product`.`createdAt` DESC LIMIT 0, '5';",
    parameters: undefined
  },
  original: Error: You have an error in your SQL syntax; check the manual that corresponds to your MySQL server version for the right syntax to use near ''5'' at line 1
      at Packet.asError (C:\Users\Agustin\OneDrive\Escritorio\Cursos\CODERHOUSE\Backend\curso-backend\Clase20\node_modules\mysql2\lib\packets\packet.js:728:17)
      at Query.execute (C:\Users\Agustin\OneDrive\Escritorio\Cursos\CODERHOUSE\Backend\curso-backend\Clase20\node_modules\mysql2\lib\commands\command.js:29:26)
      at Connection.handlePacket (C:\Users\Agustin\OneDrive\Escritorio\Cursos\CODERHOUSE\Backend\curso-backend\Clase20\node_modules\mysql2\lib\connection.js:478:34)
      at PacketParser.onPacket (C:\Users\Agustin\OneDrive\Escritorio\Cursos\CODERHOUSE\Backend\curso-backend\Clase20\node_modules\mysql2\lib\connection.js:97:12)
      at PacketParser.executeStart (C:\Users\Agustin\OneDrive\Escritorio\Cursos\CODERHOUSE\Backend\curso-backend\Clase20\node_modules\mysql2\lib\packet_parser.js:75:16)
      at Socket.<anonymous> (C:\Users\Agustin\OneDrive\Escritorio\Cursos\CODERHOUSE\Backend\curso-backend\Clase20\node_modules\mysql2\lib\connection.js:104:25)
      at Socket.emit (node:events:514:28)
      at addChunk (node:internal/streams/readable:545:12)
      at readableAddChunkPushByteMode (node:internal/streams/readable:495:3)
      at Readable.push (node:internal/streams/readable:375:5) {
    code: 'ER_PARSE_ERROR',
    errno: 1064,
    sqlState: '42000',
    sqlMessage: "You have an error in your SQL syntax; check the manual that corresponds to your MySQL server version for the right syntax to use near ''5'' at line 1",
    sql: "SELECT `id`, `title`, `description`, `price`, `discount`, `trailer_video`, `release_date`, `url_front_page`, `front_page_public_id`, `popularity`, `CPU`, `RAM`, `memory`, `GPU`, `createdAt`, `updatedAt`, `developerId` FROM `products` AS `product` WHERE (`product`.`createdAt` <= '2023-12-09 03:00:00' AND `product`.`createdAt` >= '2023-12-02 03:00:00') ORDER BY `product`.`createdAt` DESC LIMIT 0, '5';",
    parameters: undefined
  },
  sql: "SELECT `id`, `title`, `description`, `price`, `discount`, `trailer_video`, `release_date`, `url_front_page`, `front_page_public_id`, `popularity`, `CPU`, `RAM`, `memory`, `GPU`, `createdAt`, `updatedAt`, `developerId` FROM `products` AS `product` WHERE (`product`.`createdAt` <= '2023-12-09 03:00:00' AND `product`.`createdAt` >= '2023-12-02 03:00:00') ORDER BY `product`.`createdAt` DESC LIMIT 0, '5';",
  parameters: {},
  level: 'error',
  timestamp: '2024-01-13T22:33:27.685Z'
}
{
  name: 'SequelizeDatabaseError',
  parent: Error: You have an error in your SQL syntax; check the manual that corresponds to your MySQL server version for the right syntax to use near ''5'' at line 1
      at Packet.asError (C:\Users\Agustin\OneDrive\Escritorio\Cursos\CODERHOUSE\Backend\curso-backend\Clase20\node_modules\mysql2\lib\packets\packet.js:728:17)
      at Query.execute (C:\Users\Agustin\OneDrive\Escritorio\Cursos\CODERHOUSE\Backend\curso-backend\Clase20\node_modules\mysql2\lib\commands\command.js:29:26)
      at Connection.handlePacket (C:\Users\Agustin\OneDrive\Escritorio\Cursos\CODERHOUSE\Backend\curso-backend\Clase20\node_modules\mysql2\lib\connection.js:478:34)
      at PacketParser.onPacket (C:\Users\Agustin\OneDrive\Escritorio\Cursos\CODERHOUSE\Backend\curso-backend\Clase20\node_modules\mysql2\lib\connection.js:97:12)
      at PacketParser.executeStart (C:\Users\Agustin\OneDrive\Escritorio\Cursos\CODERHOUSE\Backend\curso-backend\Clase20\node_modules\mysql2\lib\packet_parser.js:75:16)
      at Socket.<anonymous> (C:\Users\Agustin\OneDrive\Escritorio\Cursos\CODERHOUSE\Backend\curso-backend\Clase20\node_modules\mysql2\lib\connection.js:104:25)
      at Socket.emit (node:events:514:28)
      at addChunk (node:internal/streams/readable:545:12)
      at readableAddChunkPushByteMode (node:internal/streams/readable:495:3)
      at Readable.push (node:internal/streams/readable:375:5) {
    code: 'ER_PARSE_ERROR',
    errno: 1064,
    sqlState: '42000',
    sqlMessage: "You have an error in your SQL syntax; check the manual that corresponds to your MySQL server version for the right syntax to use near ''5'' at line 1",
    sql: "SELECT `id`, `title`, `description`, `price`, `discount`, `trailer_video`, `release_date`, `url_front_page`, `front_page_public_id`, `popularity`, `CPU`, `RAM`, `memory`, `GPU`, `createdAt`, `updatedAt`, `developerId` FROM `products` AS `product` ORDER BY `product`.`discount` DESC LIMIT 0, '5';",
    parameters: undefined
  },
  original: Error: You have an error in your SQL syntax; check the manual that corresponds to your MySQL server version for the right syntax to use near ''5'' at line 1
      at Packet.asError (C:\Users\Agustin\OneDrive\Escritorio\Cursos\CODERHOUSE\Backend\curso-backend\Clase20\node_modules\mysql2\lib\packets\packet.js:728:17)
      at Query.execute (C:\Users\Agustin\OneDrive\Escritorio\Cursos\CODERHOUSE\Backend\curso-backend\Clase20\node_modules\mysql2\lib\commands\command.js:29:26)
      at Connection.handlePacket (C:\Users\Agustin\OneDrive\Escritorio\Cursos\CODERHOUSE\Backend\curso-backend\Clase20\node_modules\mysql2\lib\connection.js:478:34)
      at PacketParser.onPacket (C:\Users\Agustin\OneDrive\Escritorio\Cursos\CODERHOUSE\Backend\curso-backend\Clase20\node_modules\mysql2\lib\connection.js:97:12)
      at PacketParser.executeStart (C:\Users\Agustin\OneDrive\Escritorio\Cursos\CODERHOUSE\Backend\curso-backend\Clase20\node_modules\mysql2\lib\packet_parser.js:75:16)
      at Socket.<anonymous> (C:\Users\Agustin\OneDrive\Escritorio\Cursos\CODERHOUSE\Backend\curso-backend\Clase20\node_modules\mysql2\lib\connection.js:104:25)
      at Socket.emit (node:events:514:28)
      at addChunk (node:internal/streams/readable:545:12)
      at readableAddChunkPushByteMode (node:internal/streams/readable:495:3)
      at Readable.push (node:internal/streams/readable:375:5) {
    code: 'ER_PARSE_ERROR',
    errno: 1064,
    sqlState: '42000',
    sqlMessage: "You have an error in your SQL syntax; check the manual that corresponds to your MySQL server version for the right syntax to use near ''5'' at line 1",
    sql: "SELECT `id`, `title`, `description`, `price`, `discount`, `trailer_video`, `release_date`, `url_front_page`, `front_page_public_id`, `popularity`, `CPU`, `RAM`, `memory`, `GPU`, `createdAt`, `updatedAt`, `developerId` FROM `products` AS `product` ORDER BY `product`.`discount` DESC LIMIT 0, '5';",
    parameters: undefined
  },
  sql: "SELECT `id`, `title`, `description`, `price`, `discount`, `trailer_video`, `release_date`, `url_front_page`, `front_page_public_id`, `popularity`, `CPU`, `RAM`, `memory`, `GPU`, `createdAt`, `updatedAt`, `developerId` FROM `products` AS `product` ORDER BY `product`.`discount` DESC LIMIT 0, '5';",
  parameters: {},
  level: 'error',
  timestamp: '2024-01-13T22:33:27.693Z'
}
{
  name: 'SequelizeDatabaseError',
  parent: Error: Table 'clase20.products' doesn't exist
      at Packet.asError (C:\Users\Agustin\OneDrive\Escritorio\Cursos\CODERHOUSE\Backend\curso-backend\Clase20\node_modules\mysql2\lib\packets\packet.js:728:17)
      at Query.execute (C:\Users\Agustin\OneDrive\Escritorio\Cursos\CODERHOUSE\Backend\curso-backend\Clase20\node_modules\mysql2\lib\commands\command.js:29:26)
      at Connection.handlePacket (C:\Users\Agustin\OneDrive\Escritorio\Cursos\CODERHOUSE\Backend\curso-backend\Clase20\node_modules\mysql2\lib\connection.js:478:34)
      at PacketParser.onPacket (C:\Users\Agustin\OneDrive\Escritorio\Cursos\CODERHOUSE\Backend\curso-backend\Clase20\node_modules\mysql2\lib\connection.js:97:12)
      at PacketParser.executeStart (C:\Users\Agustin\OneDrive\Escritorio\Cursos\CODERHOUSE\Backend\curso-backend\Clase20\node_modules\mysql2\lib\packet_parser.js:75:16)
      at Socket.<anonymous> (C:\Users\Agustin\OneDrive\Escritorio\Cursos\CODERHOUSE\Backend\curso-backend\Clase20\node_modules\mysql2\lib\connection.js:104:25)
      at Socket.emit (node:events:514:28)
      at addChunk (node:internal/streams/readable:545:12)
      at readableAddChunkPushByteMode (node:internal/streams/readable:495:3)
      at Readable.push (node:internal/streams/readable:375:5) {
    code: 'ER_NO_SUCH_TABLE',
    errno: 1146,
    sqlState: '42S02',
    sqlMessage: "Table 'clase20.products' doesn't exist",
    sql: "SELECT count(*) AS `count` FROM `products` AS `product` WHERE (`product`.`updatedAt` <= '2023-12-09 03:00:00' AND `product`.`updatedAt` >= '2023-12-02 03:00:00');",
    parameters: undefined
  },
  original: Error: Table 'clase20.products' doesn't exist
      at Packet.asError (C:\Users\Agustin\OneDrive\Escritorio\Cursos\CODERHOUSE\Backend\curso-backend\Clase20\node_modules\mysql2\lib\packets\packet.js:728:17)
      at Query.execute (C:\Users\Agustin\OneDrive\Escritorio\Cursos\CODERHOUSE\Backend\curso-backend\Clase20\node_modules\mysql2\lib\commands\command.js:29:26)
      at Connection.handlePacket (C:\Users\Agustin\OneDrive\Escritorio\Cursos\CODERHOUSE\Backend\curso-backend\Clase20\node_modules\mysql2\lib\connection.js:478:34)
      at PacketParser.onPacket (C:\Users\Agustin\OneDrive\Escritorio\Cursos\CODERHOUSE\Backend\curso-backend\Clase20\node_modules\mysql2\lib\connection.js:97:12)
      at PacketParser.executeStart (C:\Users\Agustin\OneDrive\Escritorio\Cursos\CODERHOUSE\Backend\curso-backend\Clase20\node_modules\mysql2\lib\packet_parser.js:75:16)
      at Socket.<anonymous> (C:\Users\Agustin\OneDrive\Escritorio\Cursos\CODERHOUSE\Backend\curso-backend\Clase20\node_modules\mysql2\lib\connection.js:104:25)
      at Socket.emit (node:events:514:28)
      at addChunk (node:internal/streams/readable:545:12)
      at readableAddChunkPushByteMode (node:internal/streams/readable:495:3)
      at Readable.push (node:internal/streams/readable:375:5) {
    code: 'ER_NO_SUCH_TABLE',
    errno: 1146,
    sqlState: '42S02',
    sqlMessage: "Table 'clase20.products' doesn't exist",
    sql: "SELECT count(*) AS `count` FROM `products` AS `product` WHERE (`product`.`updatedAt` <= '2023-12-09 03:00:00' AND `product`.`updatedAt` >= '2023-12-02 03:00:00');",
    parameters: undefined
  },
  sql: "SELECT count(*) AS `count` FROM `products` AS `product` WHERE (`product`.`updatedAt` <= '2023-12-09 03:00:00' AND `product`.`updatedAt` >= '2023-12-02 03:00:00');",
  parameters: {},
  level: 'error',
  timestamp: '2024-01-13T22:33:27.699Z'
}
{
  name: 'SequelizeDatabaseError',
  parent: Error: Table 'clase20.products' doesn't exist
      at Packet.asError (C:\Users\Agustin\OneDrive\Escritorio\Cursos\CODERHOUSE\Backend\curso-backend\Clase20\node_modules\mysql2\lib\packets\packet.js:728:17)
      at Query.execute (C:\Users\Agustin\OneDrive\Escritorio\Cursos\CODERHOUSE\Backend\curso-backend\Clase20\node_modules\mysql2\lib\commands\command.js:29:26)
      at Connection.handlePacket (C:\Users\Agustin\OneDrive\Escritorio\Cursos\CODERHOUSE\Backend\curso-backend\Clase20\node_modules\mysql2\lib\connection.js:478:34)
      at PacketParser.onPacket (C:\Users\Agustin\OneDrive\Escritorio\Cursos\CODERHOUSE\Backend\curso-backend\Clase20\node_modules\mysql2\lib\connection.js:97:12)
      at PacketParser.executeStart (C:\Users\Agustin\OneDrive\Escritorio\Cursos\CODERHOUSE\Backend\curso-backend\Clase20\node_modules\mysql2\lib\packet_parser.js:75:16)
      at Socket.<anonymous> (C:\Users\Agustin\OneDrive\Escritorio\Cursos\CODERHOUSE\Backend\curso-backend\Clase20\node_modules\mysql2\lib\connection.js:104:25)
      at Socket.emit (node:events:514:28)
      at addChunk (node:internal/streams/readable:545:12)
      at readableAddChunkPushByteMode (node:internal/streams/readable:495:3)
      at Readable.push (node:internal/streams/readable:375:5) {
    code: 'ER_NO_SUCH_TABLE',
    errno: 1146,
    sqlState: '42S02',
    sqlMessage: "Table 'clase20.products' doesn't exist",
    sql: "SELECT count(*) AS `count` FROM `products` AS `product` WHERE (`product`.`createdAt` <= '2023-12-09 03:00:00' AND `product`.`createdAt` >= '2023-12-02 03:00:00');",
    parameters: undefined
  },
  original: Error: Table 'clase20.products' doesn't exist
      at Packet.asError (C:\Users\Agustin\OneDrive\Escritorio\Cursos\CODERHOUSE\Backend\curso-backend\Clase20\node_modules\mysql2\lib\packets\packet.js:728:17)
      at Query.execute (C:\Users\Agustin\OneDrive\Escritorio\Cursos\CODERHOUSE\Backend\curso-backend\Clase20\node_modules\mysql2\lib\commands\command.js:29:26)
      at Connection.handlePacket (C:\Users\Agustin\OneDrive\Escritorio\Cursos\CODERHOUSE\Backend\curso-backend\Clase20\node_modules\mysql2\lib\connection.js:478:34)
      at PacketParser.onPacket (C:\Users\Agustin\OneDrive\Escritorio\Cursos\CODERHOUSE\Backend\curso-backend\Clase20\node_modules\mysql2\lib\connection.js:97:12)
      at PacketParser.executeStart (C:\Users\Agustin\OneDrive\Escritorio\Cursos\CODERHOUSE\Backend\curso-backend\Clase20\node_modules\mysql2\lib\packet_parser.js:75:16)
      at Socket.<anonymous> (C:\Users\Agustin\OneDrive\Escritorio\Cursos\CODERHOUSE\Backend\curso-backend\Clase20\node_modules\mysql2\lib\connection.js:104:25)
      at Socket.emit (node:events:514:28)
      at addChunk (node:internal/streams/readable:545:12)
      at readableAddChunkPushByteMode (node:internal/streams/readable:495:3)
      at Readable.push (node:internal/streams/readable:375:5) {
    code: 'ER_NO_SUCH_TABLE',
    errno: 1146,
    sqlState: '42S02',
    sqlMessage: "Table 'clase20.products' doesn't exist",
    sql: "SELECT count(*) AS `count` FROM `products` AS `product` WHERE (`product`.`createdAt` <= '2023-12-09 03:00:00' AND `product`.`createdAt` >= '2023-12-02 03:00:00');",
    parameters: undefined
  },
  sql: "SELECT count(*) AS `count` FROM `products` AS `product` WHERE (`product`.`createdAt` <= '2023-12-09 03:00:00' AND `product`.`createdAt` >= '2023-12-02 03:00:00');",
  parameters: {},
  level: 'error',
  timestamp: '2024-01-13T22:34:29.839Z'
}
{
  name: 'SequelizeDatabaseError',
  parent: Error: Table 'clase20.products' doesn't exist
      at Packet.asError (C:\Users\Agustin\OneDrive\Escritorio\Cursos\CODERHOUSE\Backend\curso-backend\Clase20\node_modules\mysql2\lib\packets\packet.js:728:17)
      at Query.execute (C:\Users\Agustin\OneDrive\Escritorio\Cursos\CODERHOUSE\Backend\curso-backend\Clase20\node_modules\mysql2\lib\commands\command.js:29:26)
      at Connection.handlePacket (C:\Users\Agustin\OneDrive\Escritorio\Cursos\CODERHOUSE\Backend\curso-backend\Clase20\node_modules\mysql2\lib\connection.js:478:34)
      at PacketParser.onPacket (C:\Users\Agustin\OneDrive\Escritorio\Cursos\CODERHOUSE\Backend\curso-backend\Clase20\node_modules\mysql2\lib\connection.js:97:12)
      at PacketParser.executeStart (C:\Users\Agustin\OneDrive\Escritorio\Cursos\CODERHOUSE\Backend\curso-backend\Clase20\node_modules\mysql2\lib\packet_parser.js:75:16)
      at Socket.<anonymous> (C:\Users\Agustin\OneDrive\Escritorio\Cursos\CODERHOUSE\Backend\curso-backend\Clase20\node_modules\mysql2\lib\connection.js:104:25)
      at Socket.emit (node:events:514:28)
      at addChunk (node:internal/streams/readable:545:12)
      at readableAddChunkPushByteMode (node:internal/streams/readable:495:3)
      at Readable.push (node:internal/streams/readable:375:5) {
    code: 'ER_NO_SUCH_TABLE',
    errno: 1146,
    sqlState: '42S02',
    sqlMessage: "Table 'clase20.products' doesn't exist",
    sql: 'SELECT count(*) AS `count` FROM `products` AS `product`;',
    parameters: undefined
  },
  original: Error: Table 'clase20.products' doesn't exist
      at Packet.asError (C:\Users\Agustin\OneDrive\Escritorio\Cursos\CODERHOUSE\Backend\curso-backend\Clase20\node_modules\mysql2\lib\packets\packet.js:728:17)
      at Query.execute (C:\Users\Agustin\OneDrive\Escritorio\Cursos\CODERHOUSE\Backend\curso-backend\Clase20\node_modules\mysql2\lib\commands\command.js:29:26)
      at Connection.handlePacket (C:\Users\Agustin\OneDrive\Escritorio\Cursos\CODERHOUSE\Backend\curso-backend\Clase20\node_modules\mysql2\lib\connection.js:478:34)
      at PacketParser.onPacket (C:\Users\Agustin\OneDrive\Escritorio\Cursos\CODERHOUSE\Backend\curso-backend\Clase20\node_modules\mysql2\lib\connection.js:97:12)
      at PacketParser.executeStart (C:\Users\Agustin\OneDrive\Escritorio\Cursos\CODERHOUSE\Backend\curso-backend\Clase20\node_modules\mysql2\lib\packet_parser.js:75:16)
      at Socket.<anonymous> (C:\Users\Agustin\OneDrive\Escritorio\Cursos\CODERHOUSE\Backend\curso-backend\Clase20\node_modules\mysql2\lib\connection.js:104:25)
      at Socket.emit (node:events:514:28)
      at addChunk (node:internal/streams/readable:545:12)
      at readableAddChunkPushByteMode (node:internal/streams/readable:495:3)
      at Readable.push (node:internal/streams/readable:375:5) {
    code: 'ER_NO_SUCH_TABLE',
    errno: 1146,
    sqlState: '42S02',
    sqlMessage: "Table 'clase20.products' doesn't exist",
    sql: 'SELECT count(*) AS `count` FROM `products` AS `product`;',
    parameters: undefined
  },
  sql: 'SELECT count(*) AS `count` FROM `products` AS `product`;',
  parameters: {},
  level: 'error',
  timestamp: '2024-01-13T22:34:29.855Z'
}
{
  name: 'SequelizeDatabaseError',
  parent: Error: Table 'clase20.products' doesn't exist
      at Packet.asError (C:\Users\Agustin\OneDrive\Escritorio\Cursos\CODERHOUSE\Backend\curso-backend\Clase20\node_modules\mysql2\lib\packets\packet.js:728:17)
      at Query.execute (C:\Users\Agustin\OneDrive\Escritorio\Cursos\CODERHOUSE\Backend\curso-backend\Clase20\node_modules\mysql2\lib\commands\command.js:29:26)
      at Connection.handlePacket (C:\Users\Agustin\OneDrive\Escritorio\Cursos\CODERHOUSE\Backend\curso-backend\Clase20\node_modules\mysql2\lib\connection.js:478:34)
      at PacketParser.onPacket (C:\Users\Agustin\OneDrive\Escritorio\Cursos\CODERHOUSE\Backend\curso-backend\Clase20\node_modules\mysql2\lib\connection.js:97:12)
      at PacketParser.executeStart (C:\Users\Agustin\OneDrive\Escritorio\Cursos\CODERHOUSE\Backend\curso-backend\Clase20\node_modules\mysql2\lib\packet_parser.js:75:16)
      at Socket.<anonymous> (C:\Users\Agustin\OneDrive\Escritorio\Cursos\CODERHOUSE\Backend\curso-backend\Clase20\node_modules\mysql2\lib\connection.js:104:25)
      at Socket.emit (node:events:514:28)
      at addChunk (node:internal/streams/readable:545:12)
      at readableAddChunkPushByteMode (node:internal/streams/readable:495:3)
      at Readable.push (node:internal/streams/readable:375:5) {
    code: 'ER_NO_SUCH_TABLE',
    errno: 1146,
    sqlState: '42S02',
    sqlMessage: "Table 'clase20.products' doesn't exist",
    sql: "SELECT count(*) AS `count` FROM `products` AS `product` WHERE (`product`.`updatedAt` <= '2023-12-09 03:00:00' AND `product`.`updatedAt` >= '2023-12-02 03:00:00');",
    parameters: undefined
  },
  original: Error: Table 'clase20.products' doesn't exist
      at Packet.asError (C:\Users\Agustin\OneDrive\Escritorio\Cursos\CODERHOUSE\Backend\curso-backend\Clase20\node_modules\mysql2\lib\packets\packet.js:728:17)
      at Query.execute (C:\Users\Agustin\OneDrive\Escritorio\Cursos\CODERHOUSE\Backend\curso-backend\Clase20\node_modules\mysql2\lib\commands\command.js:29:26)
      at Connection.handlePacket (C:\Users\Agustin\OneDrive\Escritorio\Cursos\CODERHOUSE\Backend\curso-backend\Clase20\node_modules\mysql2\lib\connection.js:478:34)
      at PacketParser.onPacket (C:\Users\Agustin\OneDrive\Escritorio\Cursos\CODERHOUSE\Backend\curso-backend\Clase20\node_modules\mysql2\lib\connection.js:97:12)
      at PacketParser.executeStart (C:\Users\Agustin\OneDrive\Escritorio\Cursos\CODERHOUSE\Backend\curso-backend\Clase20\node_modules\mysql2\lib\packet_parser.js:75:16)
      at Socket.<anonymous> (C:\Users\Agustin\OneDrive\Escritorio\Cursos\CODERHOUSE\Backend\curso-backend\Clase20\node_modules\mysql2\lib\connection.js:104:25)
      at Socket.emit (node:events:514:28)
      at addChunk (node:internal/streams/readable:545:12)
      at readableAddChunkPushByteMode (node:internal/streams/readable:495:3)
      at Readable.push (node:internal/streams/readable:375:5) {
    code: 'ER_NO_SUCH_TABLE',
    errno: 1146,
    sqlState: '42S02',
    sqlMessage: "Table 'clase20.products' doesn't exist",
    sql: "SELECT count(*) AS `count` FROM `products` AS `product` WHERE (`product`.`updatedAt` <= '2023-12-09 03:00:00' AND `product`.`updatedAt` >= '2023-12-02 03:00:00');",
    parameters: undefined
  },
  sql: "SELECT count(*) AS `count` FROM `products` AS `product` WHERE (`product`.`updatedAt` <= '2023-12-09 03:00:00' AND `product`.`updatedAt` >= '2023-12-02 03:00:00');",
  parameters: {},
  level: 'error',
  timestamp: '2024-01-13T22:34:29.861Z'
}
{
  name: 'SequelizeDatabaseError',
  parent: Error: Table 'clase20.products' doesn't exist
      at Packet.asError (C:\Users\Agustin\OneDrive\Escritorio\Cursos\CODERHOUSE\Backend\curso-backend\Clase20\node_modules\mysql2\lib\packets\packet.js:728:17)
      at Query.execute (C:\Users\Agustin\OneDrive\Escritorio\Cursos\CODERHOUSE\Backend\curso-backend\Clase20\node_modules\mysql2\lib\commands\command.js:29:26)
      at Connection.handlePacket (C:\Users\Agustin\OneDrive\Escritorio\Cursos\CODERHOUSE\Backend\curso-backend\Clase20\node_modules\mysql2\lib\connection.js:478:34)
      at PacketParser.onPacket (C:\Users\Agustin\OneDrive\Escritorio\Cursos\CODERHOUSE\Backend\curso-backend\Clase20\node_modules\mysql2\lib\connection.js:97:12)
      at PacketParser.executeStart (C:\Users\Agustin\OneDrive\Escritorio\Cursos\CODERHOUSE\Backend\curso-backend\Clase20\node_modules\mysql2\lib\packet_parser.js:75:16)
      at Socket.<anonymous> (C:\Users\Agustin\OneDrive\Escritorio\Cursos\CODERHOUSE\Backend\curso-backend\Clase20\node_modules\mysql2\lib\connection.js:104:25)
      at Socket.emit (node:events:514:28)
      at addChunk (node:internal/streams/readable:545:12)
      at readableAddChunkPushByteMode (node:internal/streams/readable:495:3)
      at Readable.push (node:internal/streams/readable:375:5) {
    code: 'ER_NO_SUCH_TABLE',
    errno: 1146,
    sqlState: '42S02',
    sqlMessage: "Table 'clase20.products' doesn't exist",
    sql: "SELECT count(*) AS `count` FROM `products` AS `product` WHERE (`product`.`createdAt` <= '2023-12-09 03:00:00' AND `product`.`createdAt` >= '2023-12-02 03:00:00');",
    parameters: undefined
  },
  original: Error: Table 'clase20.products' doesn't exist
      at Packet.asError (C:\Users\Agustin\OneDrive\Escritorio\Cursos\CODERHOUSE\Backend\curso-backend\Clase20\node_modules\mysql2\lib\packets\packet.js:728:17)
      at Query.execute (C:\Users\Agustin\OneDrive\Escritorio\Cursos\CODERHOUSE\Backend\curso-backend\Clase20\node_modules\mysql2\lib\commands\command.js:29:26)
      at Connection.handlePacket (C:\Users\Agustin\OneDrive\Escritorio\Cursos\CODERHOUSE\Backend\curso-backend\Clase20\node_modules\mysql2\lib\connection.js:478:34)
      at PacketParser.onPacket (C:\Users\Agustin\OneDrive\Escritorio\Cursos\CODERHOUSE\Backend\curso-backend\Clase20\node_modules\mysql2\lib\connection.js:97:12)
      at PacketParser.executeStart (C:\Users\Agustin\OneDrive\Escritorio\Cursos\CODERHOUSE\Backend\curso-backend\Clase20\node_modules\mysql2\lib\packet_parser.js:75:16)
      at Socket.<anonymous> (C:\Users\Agustin\OneDrive\Escritorio\Cursos\CODERHOUSE\Backend\curso-backend\Clase20\node_modules\mysql2\lib\connection.js:104:25)
      at Socket.emit (node:events:514:28)
      at addChunk (node:internal/streams/readable:545:12)
      at readableAddChunkPushByteMode (node:internal/streams/readable:495:3)
      at Readable.push (node:internal/streams/readable:375:5) {
    code: 'ER_NO_SUCH_TABLE',
    errno: 1146,
    sqlState: '42S02',
    sqlMessage: "Table 'clase20.products' doesn't exist",
    sql: "SELECT count(*) AS `count` FROM `products` AS `product` WHERE (`product`.`createdAt` <= '2023-12-09 03:00:00' AND `product`.`createdAt` >= '2023-12-02 03:00:00');",
    parameters: undefined
  },
  sql: "SELECT count(*) AS `count` FROM `products` AS `product` WHERE (`product`.`createdAt` <= '2023-12-09 03:00:00' AND `product`.`createdAt` >= '2023-12-02 03:00:00');",
  parameters: {},
  level: 'error',
  timestamp: '2024-01-13T22:36:21.125Z'
}
{
  name: 'SequelizeDatabaseError',
  parent: Error: Table 'clase20.products' doesn't exist
      at Packet.asError (C:\Users\Agustin\OneDrive\Escritorio\Cursos\CODERHOUSE\Backend\curso-backend\Clase20\node_modules\mysql2\lib\packets\packet.js:728:17)
      at Query.execute (C:\Users\Agustin\OneDrive\Escritorio\Cursos\CODERHOUSE\Backend\curso-backend\Clase20\node_modules\mysql2\lib\commands\command.js:29:26)
      at Connection.handlePacket (C:\Users\Agustin\OneDrive\Escritorio\Cursos\CODERHOUSE\Backend\curso-backend\Clase20\node_modules\mysql2\lib\connection.js:478:34)
      at PacketParser.onPacket (C:\Users\Agustin\OneDrive\Escritorio\Cursos\CODERHOUSE\Backend\curso-backend\Clase20\node_modules\mysql2\lib\connection.js:97:12)
      at PacketParser.executeStart (C:\Users\Agustin\OneDrive\Escritorio\Cursos\CODERHOUSE\Backend\curso-backend\Clase20\node_modules\mysql2\lib\packet_parser.js:75:16)
      at Socket.<anonymous> (C:\Users\Agustin\OneDrive\Escritorio\Cursos\CODERHOUSE\Backend\curso-backend\Clase20\node_modules\mysql2\lib\connection.js:104:25)
      at Socket.emit (node:events:514:28)
      at addChunk (node:internal/streams/readable:545:12)
      at readableAddChunkPushByteMode (node:internal/streams/readable:495:3)
      at Readable.push (node:internal/streams/readable:375:5) {
    code: 'ER_NO_SUCH_TABLE',
    errno: 1146,
    sqlState: '42S02',
    sqlMessage: "Table 'clase20.products' doesn't exist",
    sql: 'SELECT count(*) AS `count` FROM `products` AS `product`;',
    parameters: undefined
  },
  original: Error: Table 'clase20.products' doesn't exist
      at Packet.asError (C:\Users\Agustin\OneDrive\Escritorio\Cursos\CODERHOUSE\Backend\curso-backend\Clase20\node_modules\mysql2\lib\packets\packet.js:728:17)
      at Query.execute (C:\Users\Agustin\OneDrive\Escritorio\Cursos\CODERHOUSE\Backend\curso-backend\Clase20\node_modules\mysql2\lib\commands\command.js:29:26)
      at Connection.handlePacket (C:\Users\Agustin\OneDrive\Escritorio\Cursos\CODERHOUSE\Backend\curso-backend\Clase20\node_modules\mysql2\lib\connection.js:478:34)
      at PacketParser.onPacket (C:\Users\Agustin\OneDrive\Escritorio\Cursos\CODERHOUSE\Backend\curso-backend\Clase20\node_modules\mysql2\lib\connection.js:97:12)
      at PacketParser.executeStart (C:\Users\Agustin\OneDrive\Escritorio\Cursos\CODERHOUSE\Backend\curso-backend\Clase20\node_modules\mysql2\lib\packet_parser.js:75:16)
      at Socket.<anonymous> (C:\Users\Agustin\OneDrive\Escritorio\Cursos\CODERHOUSE\Backend\curso-backend\Clase20\node_modules\mysql2\lib\connection.js:104:25)
      at Socket.emit (node:events:514:28)
      at addChunk (node:internal/streams/readable:545:12)
      at readableAddChunkPushByteMode (node:internal/streams/readable:495:3)
      at Readable.push (node:internal/streams/readable:375:5) {
    code: 'ER_NO_SUCH_TABLE',
    errno: 1146,
    sqlState: '42S02',
    sqlMessage: "Table 'clase20.products' doesn't exist",
    sql: 'SELECT count(*) AS `count` FROM `products` AS `product`;',
    parameters: undefined
  },
  sql: 'SELECT count(*) AS `count` FROM `products` AS `product`;',
  parameters: {},
  level: 'error',
  timestamp: '2024-01-13T22:36:21.141Z'
}
{
  name: 'SequelizeDatabaseError',
  parent: Error: Table 'clase20.products' doesn't exist
      at Packet.asError (C:\Users\Agustin\OneDrive\Escritorio\Cursos\CODERHOUSE\Backend\curso-backend\Clase20\node_modules\mysql2\lib\packets\packet.js:728:17)
      at Query.execute (C:\Users\Agustin\OneDrive\Escritorio\Cursos\CODERHOUSE\Backend\curso-backend\Clase20\node_modules\mysql2\lib\commands\command.js:29:26)
      at Connection.handlePacket (C:\Users\Agustin\OneDrive\Escritorio\Cursos\CODERHOUSE\Backend\curso-backend\Clase20\node_modules\mysql2\lib\connection.js:478:34)
      at PacketParser.onPacket (C:\Users\Agustin\OneDrive\Escritorio\Cursos\CODERHOUSE\Backend\curso-backend\Clase20\node_modules\mysql2\lib\connection.js:97:12)
      at PacketParser.executeStart (C:\Users\Agustin\OneDrive\Escritorio\Cursos\CODERHOUSE\Backend\curso-backend\Clase20\node_modules\mysql2\lib\packet_parser.js:75:16)
      at Socket.<anonymous> (C:\Users\Agustin\OneDrive\Escritorio\Cursos\CODERHOUSE\Backend\curso-backend\Clase20\node_modules\mysql2\lib\connection.js:104:25)
      at Socket.emit (node:events:514:28)
      at addChunk (node:internal/streams/readable:545:12)
      at readableAddChunkPushByteMode (node:internal/streams/readable:495:3)
      at Readable.push (node:internal/streams/readable:375:5) {
    code: 'ER_NO_SUCH_TABLE',
    errno: 1146,
    sqlState: '42S02',
    sqlMessage: "Table 'clase20.products' doesn't exist",
    sql: "SELECT count(*) AS `count` FROM `products` AS `product` WHERE (`product`.`updatedAt` <= '2023-12-09 03:00:00' AND `product`.`updatedAt` >= '2023-12-02 03:00:00');",
    parameters: undefined
  },
  original: Error: Table 'clase20.products' doesn't exist
      at Packet.asError (C:\Users\Agustin\OneDrive\Escritorio\Cursos\CODERHOUSE\Backend\curso-backend\Clase20\node_modules\mysql2\lib\packets\packet.js:728:17)
      at Query.execute (C:\Users\Agustin\OneDrive\Escritorio\Cursos\CODERHOUSE\Backend\curso-backend\Clase20\node_modules\mysql2\lib\commands\command.js:29:26)
      at Connection.handlePacket (C:\Users\Agustin\OneDrive\Escritorio\Cursos\CODERHOUSE\Backend\curso-backend\Clase20\node_modules\mysql2\lib\connection.js:478:34)
      at PacketParser.onPacket (C:\Users\Agustin\OneDrive\Escritorio\Cursos\CODERHOUSE\Backend\curso-backend\Clase20\node_modules\mysql2\lib\connection.js:97:12)
      at PacketParser.executeStart (C:\Users\Agustin\OneDrive\Escritorio\Cursos\CODERHOUSE\Backend\curso-backend\Clase20\node_modules\mysql2\lib\packet_parser.js:75:16)
      at Socket.<anonymous> (C:\Users\Agustin\OneDrive\Escritorio\Cursos\CODERHOUSE\Backend\curso-backend\Clase20\node_modules\mysql2\lib\connection.js:104:25)
      at Socket.emit (node:events:514:28)
      at addChunk (node:internal/streams/readable:545:12)
      at readableAddChunkPushByteMode (node:internal/streams/readable:495:3)
      at Readable.push (node:internal/streams/readable:375:5) {
    code: 'ER_NO_SUCH_TABLE',
    errno: 1146,
    sqlState: '42S02',
    sqlMessage: "Table 'clase20.products' doesn't exist",
    sql: "SELECT count(*) AS `count` FROM `products` AS `product` WHERE (`product`.`updatedAt` <= '2023-12-09 03:00:00' AND `product`.`updatedAt` >= '2023-12-02 03:00:00');",
    parameters: undefined
  },
  sql: "SELECT count(*) AS `count` FROM `products` AS `product` WHERE (`product`.`updatedAt` <= '2023-12-09 03:00:00' AND `product`.`updatedAt` >= '2023-12-02 03:00:00');",
  parameters: {},
  level: 'error',
  timestamp: '2024-01-13T22:36:21.147Z'
}
{
  name: 'SequelizeDatabaseError',
  parent: Error: Table 'sequelize-coderhouse.products' doesn't exist
      at Packet.asError (C:\Users\Agustin\OneDrive\Escritorio\Cursos\CODERHOUSE\Backend\curso-backend\Clase20\node_modules\mysql2\lib\packets\packet.js:728:17)
      at Query.execute (C:\Users\Agustin\OneDrive\Escritorio\Cursos\CODERHOUSE\Backend\curso-backend\Clase20\node_modules\mysql2\lib\commands\command.js:29:26)
      at Connection.handlePacket (C:\Users\Agustin\OneDrive\Escritorio\Cursos\CODERHOUSE\Backend\curso-backend\Clase20\node_modules\mysql2\lib\connection.js:478:34)
      at PacketParser.onPacket (C:\Users\Agustin\OneDrive\Escritorio\Cursos\CODERHOUSE\Backend\curso-backend\Clase20\node_modules\mysql2\lib\connection.js:97:12)
      at PacketParser.executeStart (C:\Users\Agustin\OneDrive\Escritorio\Cursos\CODERHOUSE\Backend\curso-backend\Clase20\node_modules\mysql2\lib\packet_parser.js:75:16)
      at Socket.<anonymous> (C:\Users\Agustin\OneDrive\Escritorio\Cursos\CODERHOUSE\Backend\curso-backend\Clase20\node_modules\mysql2\lib\connection.js:104:25)
      at Socket.emit (node:events:514:28)
      at addChunk (node:internal/streams/readable:545:12)
      at readableAddChunkPushByteMode (node:internal/streams/readable:495:3)
      at Readable.push (node:internal/streams/readable:375:5) {
    code: 'ER_NO_SUCH_TABLE',
    errno: 1146,
    sqlState: '42S02',
    sqlMessage: "Table 'sequelize-coderhouse.products' doesn't exist",
    sql: "SELECT count(*) AS `count` FROM `products` AS `product` WHERE (`product`.`createdAt` <= '2023-12-09 03:00:00' AND `product`.`createdAt` >= '2023-12-02 03:00:00');",
    parameters: undefined
  },
  original: Error: Table 'sequelize-coderhouse.products' doesn't exist
      at Packet.asError (C:\Users\Agustin\OneDrive\Escritorio\Cursos\CODERHOUSE\Backend\curso-backend\Clase20\node_modules\mysql2\lib\packets\packet.js:728:17)
      at Query.execute (C:\Users\Agustin\OneDrive\Escritorio\Cursos\CODERHOUSE\Backend\curso-backend\Clase20\node_modules\mysql2\lib\commands\command.js:29:26)
      at Connection.handlePacket (C:\Users\Agustin\OneDrive\Escritorio\Cursos\CODERHOUSE\Backend\curso-backend\Clase20\node_modules\mysql2\lib\connection.js:478:34)
      at PacketParser.onPacket (C:\Users\Agustin\OneDrive\Escritorio\Cursos\CODERHOUSE\Backend\curso-backend\Clase20\node_modules\mysql2\lib\connection.js:97:12)
      at PacketParser.executeStart (C:\Users\Agustin\OneDrive\Escritorio\Cursos\CODERHOUSE\Backend\curso-backend\Clase20\node_modules\mysql2\lib\packet_parser.js:75:16)
      at Socket.<anonymous> (C:\Users\Agustin\OneDrive\Escritorio\Cursos\CODERHOUSE\Backend\curso-backend\Clase20\node_modules\mysql2\lib\connection.js:104:25)
      at Socket.emit (node:events:514:28)
      at addChunk (node:internal/streams/readable:545:12)
      at readableAddChunkPushByteMode (node:internal/streams/readable:495:3)
      at Readable.push (node:internal/streams/readable:375:5) {
    code: 'ER_NO_SUCH_TABLE',
    errno: 1146,
    sqlState: '42S02',
    sqlMessage: "Table 'sequelize-coderhouse.products' doesn't exist",
    sql: "SELECT count(*) AS `count` FROM `products` AS `product` WHERE (`product`.`createdAt` <= '2023-12-09 03:00:00' AND `product`.`createdAt` >= '2023-12-02 03:00:00');",
    parameters: undefined
  },
  sql: "SELECT count(*) AS `count` FROM `products` AS `product` WHERE (`product`.`createdAt` <= '2023-12-09 03:00:00' AND `product`.`createdAt` >= '2023-12-02 03:00:00');",
  parameters: {},
  level: 'error',
  timestamp: '2024-01-13T22:38:00.753Z'
}
{
  name: 'SequelizeDatabaseError',
  parent: Error: Table 'sequelize-coderhouse.products' doesn't exist
      at Packet.asError (C:\Users\Agustin\OneDrive\Escritorio\Cursos\CODERHOUSE\Backend\curso-backend\Clase20\node_modules\mysql2\lib\packets\packet.js:728:17)
      at Query.execute (C:\Users\Agustin\OneDrive\Escritorio\Cursos\CODERHOUSE\Backend\curso-backend\Clase20\node_modules\mysql2\lib\commands\command.js:29:26)
      at Connection.handlePacket (C:\Users\Agustin\OneDrive\Escritorio\Cursos\CODERHOUSE\Backend\curso-backend\Clase20\node_modules\mysql2\lib\connection.js:478:34)
      at PacketParser.onPacket (C:\Users\Agustin\OneDrive\Escritorio\Cursos\CODERHOUSE\Backend\curso-backend\Clase20\node_modules\mysql2\lib\connection.js:97:12)
      at PacketParser.executeStart (C:\Users\Agustin\OneDrive\Escritorio\Cursos\CODERHOUSE\Backend\curso-backend\Clase20\node_modules\mysql2\lib\packet_parser.js:75:16)
      at Socket.<anonymous> (C:\Users\Agustin\OneDrive\Escritorio\Cursos\CODERHOUSE\Backend\curso-backend\Clase20\node_modules\mysql2\lib\connection.js:104:25)
      at Socket.emit (node:events:514:28)
      at addChunk (node:internal/streams/readable:545:12)
      at readableAddChunkPushByteMode (node:internal/streams/readable:495:3)
      at Readable.push (node:internal/streams/readable:375:5) {
    code: 'ER_NO_SUCH_TABLE',
    errno: 1146,
    sqlState: '42S02',
    sqlMessage: "Table 'sequelize-coderhouse.products' doesn't exist",
    sql: 'SELECT count(*) AS `count` FROM `products` AS `product`;',
    parameters: undefined
  },
  original: Error: Table 'sequelize-coderhouse.products' doesn't exist
      at Packet.asError (C:\Users\Agustin\OneDrive\Escritorio\Cursos\CODERHOUSE\Backend\curso-backend\Clase20\node_modules\mysql2\lib\packets\packet.js:728:17)
      at Query.execute (C:\Users\Agustin\OneDrive\Escritorio\Cursos\CODERHOUSE\Backend\curso-backend\Clase20\node_modules\mysql2\lib\commands\command.js:29:26)
      at Connection.handlePacket (C:\Users\Agustin\OneDrive\Escritorio\Cursos\CODERHOUSE\Backend\curso-backend\Clase20\node_modules\mysql2\lib\connection.js:478:34)
      at PacketParser.onPacket (C:\Users\Agustin\OneDrive\Escritorio\Cursos\CODERHOUSE\Backend\curso-backend\Clase20\node_modules\mysql2\lib\connection.js:97:12)
      at PacketParser.executeStart (C:\Users\Agustin\OneDrive\Escritorio\Cursos\CODERHOUSE\Backend\curso-backend\Clase20\node_modules\mysql2\lib\packet_parser.js:75:16)
      at Socket.<anonymous> (C:\Users\Agustin\OneDrive\Escritorio\Cursos\CODERHOUSE\Backend\curso-backend\Clase20\node_modules\mysql2\lib\connection.js:104:25)
      at Socket.emit (node:events:514:28)
      at addChunk (node:internal/streams/readable:545:12)
      at readableAddChunkPushByteMode (node:internal/streams/readable:495:3)
      at Readable.push (node:internal/streams/readable:375:5) {
    code: 'ER_NO_SUCH_TABLE',
    errno: 1146,
    sqlState: '42S02',
    sqlMessage: "Table 'sequelize-coderhouse.products' doesn't exist",
    sql: 'SELECT count(*) AS `count` FROM `products` AS `product`;',
    parameters: undefined
  },
  sql: 'SELECT count(*) AS `count` FROM `products` AS `product`;',
  parameters: {},
  level: 'error',
  timestamp: '2024-01-13T22:38:00.769Z'
}
{
  name: 'SequelizeDatabaseError',
  parent: Error: Table 'sequelize-coderhouse.products' doesn't exist
      at Packet.asError (C:\Users\Agustin\OneDrive\Escritorio\Cursos\CODERHOUSE\Backend\curso-backend\Clase20\node_modules\mysql2\lib\packets\packet.js:728:17)
      at Query.execute (C:\Users\Agustin\OneDrive\Escritorio\Cursos\CODERHOUSE\Backend\curso-backend\Clase20\node_modules\mysql2\lib\commands\command.js:29:26)
      at Connection.handlePacket (C:\Users\Agustin\OneDrive\Escritorio\Cursos\CODERHOUSE\Backend\curso-backend\Clase20\node_modules\mysql2\lib\connection.js:478:34)
      at PacketParser.onPacket (C:\Users\Agustin\OneDrive\Escritorio\Cursos\CODERHOUSE\Backend\curso-backend\Clase20\node_modules\mysql2\lib\connection.js:97:12)
      at PacketParser.executeStart (C:\Users\Agustin\OneDrive\Escritorio\Cursos\CODERHOUSE\Backend\curso-backend\Clase20\node_modules\mysql2\lib\packet_parser.js:75:16)
      at Socket.<anonymous> (C:\Users\Agustin\OneDrive\Escritorio\Cursos\CODERHOUSE\Backend\curso-backend\Clase20\node_modules\mysql2\lib\connection.js:104:25)
      at Socket.emit (node:events:514:28)
      at addChunk (node:internal/streams/readable:545:12)
      at readableAddChunkPushByteMode (node:internal/streams/readable:495:3)
      at Readable.push (node:internal/streams/readable:375:5) {
    code: 'ER_NO_SUCH_TABLE',
    errno: 1146,
    sqlState: '42S02',
    sqlMessage: "Table 'sequelize-coderhouse.products' doesn't exist",
    sql: "SELECT count(*) AS `count` FROM `products` AS `product` WHERE (`product`.`updatedAt` <= '2023-12-09 03:00:00' AND `product`.`updatedAt` >= '2023-12-02 03:00:00');",
    parameters: undefined
  },
  original: Error: Table 'sequelize-coderhouse.products' doesn't exist
      at Packet.asError (C:\Users\Agustin\OneDrive\Escritorio\Cursos\CODERHOUSE\Backend\curso-backend\Clase20\node_modules\mysql2\lib\packets\packet.js:728:17)
      at Query.execute (C:\Users\Agustin\OneDrive\Escritorio\Cursos\CODERHOUSE\Backend\curso-backend\Clase20\node_modules\mysql2\lib\commands\command.js:29:26)
      at Connection.handlePacket (C:\Users\Agustin\OneDrive\Escritorio\Cursos\CODERHOUSE\Backend\curso-backend\Clase20\node_modules\mysql2\lib\connection.js:478:34)
      at PacketParser.onPacket (C:\Users\Agustin\OneDrive\Escritorio\Cursos\CODERHOUSE\Backend\curso-backend\Clase20\node_modules\mysql2\lib\connection.js:97:12)
      at PacketParser.executeStart (C:\Users\Agustin\OneDrive\Escritorio\Cursos\CODERHOUSE\Backend\curso-backend\Clase20\node_modules\mysql2\lib\packet_parser.js:75:16)
      at Socket.<anonymous> (C:\Users\Agustin\OneDrive\Escritorio\Cursos\CODERHOUSE\Backend\curso-backend\Clase20\node_modules\mysql2\lib\connection.js:104:25)
      at Socket.emit (node:events:514:28)
      at addChunk (node:internal/streams/readable:545:12)
      at readableAddChunkPushByteMode (node:internal/streams/readable:495:3)
      at Readable.push (node:internal/streams/readable:375:5) {
    code: 'ER_NO_SUCH_TABLE',
    errno: 1146,
    sqlState: '42S02',
    sqlMessage: "Table 'sequelize-coderhouse.products' doesn't exist",
    sql: "SELECT count(*) AS `count` FROM `products` AS `product` WHERE (`product`.`updatedAt` <= '2023-12-09 03:00:00' AND `product`.`updatedAt` >= '2023-12-02 03:00:00');",
    parameters: undefined
  },
  sql: "SELECT count(*) AS `count` FROM `products` AS `product` WHERE (`product`.`updatedAt` <= '2023-12-09 03:00:00' AND `product`.`updatedAt` >= '2023-12-02 03:00:00');",
  parameters: {},
  level: 'error',
  timestamp: '2024-01-13T22:38:00.778Z'
}
